TN:
SF:C:\platzi\node\platziverse\platziverse-db\index.js
FN:10,(anonymous_0)
FNF:1
FNH:1
FNDA:6,(anonymous_0)
DA:3,6
DA:4,6
DA:5,6
DA:6,6
DA:7,6
DA:8,6
DA:10,6
DA:11,6
DA:23,6
DA:24,6
DA:25,6
DA:29,6
DA:30,6
DA:33,6
DA:36,6
DA:39,0
DA:45,6
DA:46,6
DA:48,6
LF:19
LH:18
BRDA:36,0,0,0
BRDA:36,0,1,6
BRF:2
BRH:1
end_of_record
TN:
SF:C:\platzi\node\platziverse\platziverse-db\lib\agent.js
FN:3,setupAgent
FN:4,findById
FN:8,findByUuid
FN:16,findAll
FN:20,findConnected
FN:28,findByUsername
FN:37,createOrUpdate
FNF:7
FNH:4
FNDA:6,setupAgent
FNDA:1,findById
FNDA:0,findByUuid
FNDA:0,findAll
FNDA:1,findConnected
FNDA:0,findByUsername
FNDA:2,createOrUpdate
DA:3,1
DA:5,1
DA:9,0
DA:17,0
DA:21,1
DA:29,0
DA:38,2
DA:44,2
DA:45,2
DA:46,1
DA:47,1
DA:50,1
DA:51,1
DA:54,6
LF:14
LH:11
BRDA:45,0,0,1
BRDA:45,0,1,1
BRDA:47,1,0,1
BRDA:47,1,1,0
BRF:4
BRH:3
end_of_record
TN:
SF:C:\platzi\node\platziverse\platziverse-db\lib\db.js
FN:6,setupDataBase
FNF:1
FNH:1
FNDA:6,setupDataBase
DA:3,1
DA:4,1
DA:6,1
DA:7,6
DA:8,1
DA:10,6
LF:6
LH:6
BRDA:7,0,0,1
BRDA:7,0,1,5
BRF:2
BRH:2
end_of_record
TN:
SF:C:\platzi\node\platziverse\platziverse-db\lib\metric.js
FN:3,setupMetric
FN:5,findByAgentUuid
FN:20,create
FNF:3
FNH:1
FNDA:6,setupMetric
FNDA:0,findByAgentUuid
FNDA:0,create
DA:3,1
DA:6,0
DA:21,0
DA:25,0
DA:26,0
DA:27,0
DA:28,0
DA:33,6
LF:8
LH:2
BRDA:25,0,0,0
BRDA:25,0,1,0
BRF:2
BRH:0
end_of_record
TN:
SF:C:\platzi\node\platziverse\platziverse-db\models\agent.js
FN:6,setupAgentModel
FNF:1
FNH:0
FNDA:0,setupAgentModel
DA:3,1
DA:4,1
DA:6,1
DA:7,0
DA:9,0
LF:5
LH:3
BRF:0
BRH:0
end_of_record
TN:
SF:C:\platzi\node\platziverse\platziverse-db\models\metric.js
FN:6,setupMetrictModel
FNF:1
FNH:0
FNDA:0,setupMetrictModel
DA:3,1
DA:4,1
DA:6,1
DA:7,0
DA:9,0
LF:5
LH:3
BRF:0
BRH:0
end_of_record
TN:
SF:C:\platzi\node\platziverse\platziverse-db\tests\agent-tests.js
FN:14,(anonymous_4)
FN:50,(anonymous_5)
FN:59,(anonymous_6)
FN:82,(anonymous_7)
FN:83,(anonymous_8)
FN:88,(anonymous_9)
FN:93,(anonymous_10)
FN:97,(anonymous_11)
FN:105,(anonymous_12)
FN:115,(anonymous_13)
FN:125,(anonymous_14)
FN:139,(anonymous_15)
FNF:12
FNH:12
FNDA:6,(anonymous_4)
FNDA:6,(anonymous_5)
FNDA:1,(anonymous_6)
FNDA:6,(anonymous_7)
FNDA:6,(anonymous_8)
FNDA:6,(anonymous_9)
FNDA:1,(anonymous_10)
FNDA:1,(anonymous_11)
FNDA:1,(anonymous_12)
FNDA:1,(anonymous_13)
FNDA:1,(anonymous_14)
FNDA:1,(anonymous_15)
DA:3,1
DA:4,1
DA:5,1
DA:6,1
DA:8,1
DA:9,1
DA:10,1
DA:11,1
DA:13,1
DA:17,1
DA:21,1
DA:25,1
DA:35,1
DA:43,1
DA:44,1
DA:46,1
DA:50,1
DA:51,6
DA:52,6
DA:57,6
DA:58,6
DA:59,1
DA:63,6
DA:64,6
DA:67,6
DA:68,6
DA:71,6
DA:72,6
DA:75,6
DA:76,6
DA:77,6
DA:78,6
DA:81,6
DA:82,6
DA:83,6
DA:85,6
DA:88,1
DA:90,6
DA:93,1
DA:94,1
DA:97,4
DA:99,1
DA:100,1
DA:101,1
DA:102,1
DA:105,3
DA:106,1
DA:108,1
DA:109,1
DA:110,1
DA:112,1
DA:115,3
DA:116,1
DA:117,1
DA:118,1
DA:119,1
DA:120,1
DA:125,6
DA:126,1
DA:128,1
DA:129,1
DA:130,1
DA:134,1
DA:135,1
DA:136,1
DA:139,3
DA:140,1
DA:142,1
DA:143,1
DA:144,1
DA:146,1
DA:147,1
LF:72
LH:72
BRDA:90,0,0,6
BRDA:90,0,1,6
BRF:2
BRH:2
end_of_record
TN:
SF:C:\platzi\node\platziverse\platziverse-db\tests\fixtures\agent.js
FN:22,extend
FN:30,(anonymous_1)
FN:31,(anonymous_2)
FN:32,(anonymous_3)
FN:32,(anonymous_4)
FN:33,(anonymous_5)
FN:33,(anonymous_6)
FNF:7
FNH:7
FNDA:3,extend
FNDA:4,(anonymous_1)
FNDA:4,(anonymous_2)
FNDA:6,(anonymous_3)
FNDA:24,(anonymous_4)
FNDA:7,(anonymous_5)
FNDA:28,(anonymous_6)
DA:3,1
DA:15,1
DA:23,3
DA:24,3
DA:27,1
DA:30,4
DA:31,4
DA:32,24
DA:33,28
LF:9
LH:9
BRF:0
BRH:0
end_of_record
